<?xml version="1.0" encoding="UTF-8"?>
<!-- Generated by org.testng.reporters.JUnitXMLReporter -->
<testsuite hostname="Rohit-PC" ignored="1" tests="0" failures="0" timestamp="22 Feb 2022 19:03:03 GMT" time="0.001" errors="0">
  <testcase name="test1" time="0.0" classname="com.myStore.TestCases.CaseTest2">
    <ignored/>
  </testcase> <!-- test1 -->
</testsuite>
