<?xml version="1.0" encoding="UTF-8"?>
<!-- Generated by org.testng.reporters.JUnitXMLReporter -->
<testsuite hostname="Rohit-PC" ignored="0" name="Test-3" tests="1" failures="0" timestamp="22 Feb 2022 19:03:19 GMT" time="15.966" errors="0">
  <testcase name="Validate" time="15.95" classname="com.myStore.TestCases.LaunchBrowserTest"/>
</testsuite> <!-- Test-3 -->
