<?xml version="1.0" encoding="UTF-8"?>
<!-- Generated by org.testng.reporters.JUnitXMLReporter -->
<testsuite hostname="Rohit-PC" ignored="0" name="Test-2" tests="1" failures="0" timestamp="08 Mar 2022 16:45:40 GMT" time="16.098" errors="0">
  <testcase name="test1" time="16.089" classname="com.myStore.TestCases.CaseTest2"/>
</testsuite> <!-- Test-2 -->
