<?xml version="1.0" encoding="UTF-8"?>
<!-- Generated by org.testng.reporters.JUnitXMLReporter -->
<testsuite hostname="Rohit-PC" ignored="0" name="Test-3" tests="1" failures="0" timestamp="08 Mar 2022 16:45:57 GMT" time="16.44" errors="0">
  <testcase name="Validate" time="16.439" classname="com.myStore.TestCases.LaunchBrowserTest"/>
</testsuite> <!-- Test-3 -->
