<?xml version="1.0" encoding="UTF-8"?>
<!-- Generated by org.testng.reporters.JUnitXMLReporter -->
<testsuite hostname="Rohit-PC" ignored="0" name="Test-3" tests="1" failures="0" timestamp="08 Mar 2022 16:15:31 GMT" time="27.508" errors="0">
  <testcase name="Validate" time="27.477" classname="com.myStore.TestCases.LaunchBrowserTest"/>
</testsuite> <!-- Test-3 -->
