<?xml version="1.0" encoding="UTF-8"?>
<!-- Generated by org.testng.reporters.JUnitXMLReporter -->
<testsuite hostname="Rohit-PC" ignored="0" name="Test-4" tests="1" failures="0" timestamp="08 Mar 2022 16:15:55 GMT" time="23.596" errors="0">
  <testcase name="test" time="23.593" classname="com.myStore.TestCases.HandleDropdowns"/>
</testsuite> <!-- Test-4 -->
