<?xml version="1.0" encoding="UTF-8"?>
<!-- Generated by org.testng.reporters.JUnitXMLReporter -->
<testsuite hostname="Rohit-PC" ignored="1" tests="0" failures="0" timestamp="08 Mar 2022 16:15:04 GMT" time="0.009" errors="0">
  <testcase name="test1" time="0.0" classname="com.myStore.TestCases.CaseTest1">
    <ignored/>
  </testcase> <!-- test1 -->
</testsuite>
