<?xml version="1.0" encoding="UTF-8"?>
<!-- Generated by org.testng.reporters.JUnitXMLReporter -->
<testsuite hostname="Rohit-PC" ignored="0" name="Test-1" tests="1" failures="1" timestamp="08 Mar 2022 16:45:24 GMT" time="15.333" errors="0">
  <testcase name="test1" time="14.317" classname="com.myStore.TestCases.CaseTest1">
    <failure type="java.lang.AssertionError" message="expected [true] but found [false]">
      <![CDATA[java.lang.AssertionError: expected [true] but found [false]
at com.myStore.TestCases.CaseTest1.test1(CaseTest1.java:29)
... Removed 29 stack frames]]>
    </failure>
  </testcase> <!-- test1 -->
</testsuite> <!-- Test-1 -->
