<?xml version="1.0" encoding="UTF-8"?>
<!-- Generated by org.testng.reporters.JUnitReportReporter -->
<testsuite skipped="0" hostname="Rohit-PC" name="com.myStore.TestCases.HandleDropdowns" tests="1" failures="0" timestamp="08 Mar 2022 16:15:55 GMT" time="23.593" errors="0">
  <testcase name="test" time="23.593" classname="com.myStore.TestCases.HandleDropdowns"/>
</testsuite> <!-- com.myStore.TestCases.HandleDropdowns -->
