<?xml version="1.0" encoding="UTF-8"?>
<!-- Generated by org.testng.reporters.JUnitReportReporter -->
<testsuite skipped="0" hostname="Rohit-PC" name="com.myStore.TestCases.CaseTest2" tests="1" failures="0" timestamp="22 Feb 2022 18:54:43 GMT" time="10.828" errors="0">
  <testcase name="test1" time="10.828" classname="com.myStore.TestCases.CaseTest2"/>
</testsuite> <!-- com.myStore.TestCases.CaseTest2 -->
