<?xml version="1.0" encoding="UTF-8"?>
<!-- Generated by org.testng.reporters.JUnitReportReporter -->
<testsuite skipped="0" hostname="Rohit-PC" name="com.myStore.TestCases.LaunchBrowserTest" tests="1" failures="0" timestamp="08 Mar 2022 16:28:59 GMT" time="31.267" errors="0">
  <testcase name="Validate" time="31.267" classname="com.myStore.TestCases.LaunchBrowserTest"/>
</testsuite> <!-- com.myStore.TestCases.LaunchBrowserTest -->
