<?xml version="1.0" encoding="UTF-8"?>
<!-- Generated by org.testng.reporters.JUnitReportReporter -->
<testsuite skipped="0" hostname="Rohit-PC" name="com.myStore.TestCases.HandleDropdowns" tests="1" failures="0" timestamp="08 Mar 2022 16:46:13 GMT" time="16.344" errors="0">
  <testcase name="test" time="16.344" classname="com.myStore.TestCases.HandleDropdowns"/>
</testsuite> <!-- com.myStore.TestCases.HandleDropdowns -->
