<?xml version="1.0" encoding="UTF-8"?>
<!-- Generated by org.testng.reporters.JUnitReportReporter -->
<testsuite skipped="1" hostname="Rohit-PC" name="com.myStore.TestCases.OrderJourneyTest" tests="2" failures="0" timestamp="22 Feb 2022 17:01:19 GMT" time="9.253" errors="1">
  <testcase name="orderJourney" time="0.000" classname="com.myStore.TestCases.OrderJourneyTest">
    <skipped/>
  </testcase> <!-- orderJourney -->
  <testcase name="setUp" time="9.253" classname="com.myStore.TestCases.OrderJourneyTest">
    <error type="java.lang.StackOverflowError">
      <![CDATA[java.lang.StackOverflowError
at java.io.InputStream.<init>(InputStream.java:45)
at java.io.FileInputStream.<init>(FileInputStream.java:123)
at java.io.FileInputStream.<init>(FileInputStream.java:93)
at com.myStore.Utlities.MainClass.<init>(MainClass.java:18)
at com.myStore.pageObjects.Homepage_Objects.<init>(Homepage_Objects.java:11)
at sun.reflect.GeneratedConstructorAccessor15.newInstance(Unknown Source)
at sun.reflect.DelegatingConstructorAccessorImpl.newInstance(DelegatingConstructorAccessorImpl.java:45)
at java.lang.reflect.Constructor.newInstance(Constructor.java:423)
at java.lang.Class.newInstance(Class.java:442)
at org.openqa.selenium.support.PageFactory.instantiatePage(PageFactory.java:131)
at org.openqa.selenium.support.PageFactory.initElements(PageFactory.java:64)
at com.myStore.pageObjects.Homepage_Objects.<init>(Homepage_Objects.java:12)
at sun.reflect.GeneratedConstructorAccessor15.newInstance(Unknown Source)
at sun.reflect.DelegatingConstructorAccessorImpl.newInstance(DelegatingConstructorAccessorImpl.java:45)
at java.lang.reflect.Constructor.newInstance(Constructor.java:423)
at java.lang.Class.newInstance(Class.java:442)
at org.openqa.selenium.support.PageFactory.instantiatePage(PageFactory.java:131)
at org.openqa.selenium.support.PageFactory.initElements(PageFactory.java:64)
at com.myStore.pageObjects.Homepage_Objects.<init>(Homepage_Objects.java:12)
at sun.reflect.GeneratedConstructorAccessor15.newInstance(Unknown Source)
at sun.reflect.DelegatingConstructorAccessorImpl.newInstance(DelegatingConstructorAccessorImpl.java:45)
at java.lang.reflect.Constructor.newInstance(Constructor.java:423)
at java.lang.Class.newInstance(Class.java:442)
at org.openqa.selenium.support.PageFactory.instantiatePage(PageFactory.java:131)
at org.openqa.selenium.support.PageFactory.initElements(PageFactory.java:64)
at com.myStore.pageObjects.Homepage_Objects.<init>(Homepage_Objects.java:12)
at sun.reflect.GeneratedConstructorAccessor15.newInstance(Unknown Source)
at sun.reflect.DelegatingConstructorAccessorImpl.newInstance(DelegatingConstructorAccessorImpl.java:45)
at java.lang.reflect.Constructor.newInstance(Constructor.java:423)
at java.lang.Class.newInstance(Class.java:442)
at org.openqa.selenium.support.PageFactory.instantiatePage(PageFactory.java:131)
at org.openqa.selenium.support.PageFactory.initElements(PageFactory.java:64)
at com.myStore.pageObjects.Homepage_Objects.<init>(Homepage_Objects.java:12)
at sun.reflect.GeneratedConstructorAccessor15.newInstance(Unknown Source)
at sun.reflect.DelegatingConstructorAccessorImpl.newInstance(DelegatingConstructorAccessorImpl.java:45)
at java.lang.reflect.Constructor.newInstance(Constructor.java:423)
at java.lang.Class.newInstance(Class.java:442)
at org.openqa.selenium.support.PageFactory.instantiatePage(PageFactory.java:131)
at org.openqa.selenium.support.PageFactory.initElements(PageFactory.java:64)
at com.myStore.pageObjects.Homepage_Objects.<init>(Homepage_Objects.java:12)
at sun.reflect.GeneratedConstructorAccessor15.newInstance(Unknown Source)
at sun.reflect.DelegatingConstructorAccessorImpl.newInstance(DelegatingConstructorAccessorImpl.java:45)
at java.lang.reflect.Constructor.newInstance(Constructor.java:423)
at java.lang.Class.newInstance(Class.java:442)
at org.openqa.selenium.support.PageFactory.instantiatePage(PageFactory.java:131)
at org.openqa.selenium.support.PageFactory.initElements(PageFactory.java:64)
at com.myStore.pageObjects.Homepage_Objects.<init>(Homepage_Objects.java:12)
at sun.reflect.GeneratedConstructorAccessor15.newInstance(Unknown Source)
at sun.reflect.DelegatingConstructorAccessorImpl.newInstance(DelegatingConstructorAccessorImpl.java:45)
at java.lang.reflect.Constructor.newInstance(Constructor.java:423)
at java.lang.Class.newInstance(Class.java:442)
at org.openqa.selenium.support.PageFactory.instantiatePage(PageFactory.java:131)
at org.openqa.selenium.support.PageFactory.initElements(PageFactory.java:64)
at com.myStore.pageObjects.Homepage_Objects.<init>(Homepage_Objects.java:12)
at sun.reflect.GeneratedConstructorAccessor15.newInstance(Unknown Source)
at sun.reflect.DelegatingConstructorAccessorImpl.newInstance(DelegatingConstructorAccessorImpl.java:45)
at java.lang.reflect.Constructor.newInstance(Constructor.java:423)
at java.lang.Class.newInstance(Class.java:442)
at org.openqa.selenium.support.PageFactory.instantiatePage(PageFactory.java:131)
at org.openqa.selenium.support.PageFactory.initElements(PageFactory.java:64)
at com.myStore.pageObjects.Homepage_Objects.<init>(Homepage_Objects.java:12)
at sun.reflect.GeneratedConstructorAccessor15.newInstance(Unknown Source)
at sun.reflect.DelegatingConstructorAccessorImpl.newInstance(DelegatingConstructorAccessorImpl.java:45)
at java.lang.reflect.Constructor.newInstance(Constructor.java:423)
at java.lang.Class.newInstance(Class.java:442)
at org.openqa.selenium.support.PageFactory.instantiatePage(PageFactory.java:131)
at org.openqa.selenium.support.PageFactory.initElements(PageFactory.java:64)
at com.myStore.pageObjects.Homepage_Objects.<init>(Homepage_Objects.java:12)
at sun.reflect.GeneratedConstructorAccessor15.newInstance(Unknown Source)
at sun.reflect.DelegatingConstructorAccessorImpl.newInstance(DelegatingConstructorAccessorImpl.java:45)
at java.lang.reflect.Constructor.newInstance(Constructor.java:423)
at java.lang.Class.newInstance(Class.java:442)
at org.openqa.selenium.support.PageFactory.instantiatePage(PageFactory.java:131)
at org.openqa.selenium.support.PageFactory.initElements(PageFactory.java:64)
at com.myStore.pageObjects.Homepage_Objects.<init>(Homepage_Objects.java:12)
at sun.reflect.GeneratedConstructorAccessor15.newInstance(Unknown Source)
at sun.reflect.DelegatingConstructorAccessorImpl.newInstance(DelegatingConstructorAccessorImpl.java:45)
at java.lang.reflect.Constructor.newInstance(Constructor.java:423)
at java.lang.Class.newInstance(Class.java:442)
at org.openqa.selenium.support.PageFactory.instantiatePage(PageFactory.java:131)
at org.openqa.selenium.support.PageFactory.initElements(PageFactory.java:64)
at com.myStore.pageObjects.Homepage_Objects.<init>(Homepage_Objects.java:12)
at sun.reflect.GeneratedConstructorAccessor15.newInstance(Unknown Source)
at sun.reflect.DelegatingConstructorAccessorImpl.newInstance(DelegatingConstructorAccessorImpl.java:45)
at java.lang.reflect.Constructor.newInstance(Constructor.java:423)
at java.lang.Class.newInstance(Class.java:442)
at org.openqa.selenium.support.PageFactory.instantiatePage(PageFactory.java:131)
at org.openqa.selenium.support.PageFactory.initElements(PageFactory.java:64)
at com.myStore.pageObjects.Homepage_Objects.<init>(Homepage_Objects.java:12)
at sun.reflect.GeneratedConstructorAccessor15.newInstance(Unknown Source)
at sun.reflect.DelegatingConstructorAccessorImpl.newInstance(DelegatingConstructorAccessorImpl.java:45)
at java.lang.reflect.Constructor.newInstance(Constructor.java:423)
at java.lang.Class.newInstance(Class.java:442)
at org.openqa.selenium.support.PageFactory.instantiatePage(PageFactory.java:131)
at org.openqa.selenium.support.PageFactory.initElements(PageFactory.java:64)
at com.myStore.pageObjects.Homepage_Objects.<init>(Homepage_Objects.java:12)
at sun.reflect.GeneratedConstructorAccessor15.newInstance(Unknown Source)
at sun.reflect.DelegatingConstructorAccessorImpl.newInstance(DelegatingConstructorAccessorImpl.java:45)
at java.lang.reflect.Constructor.newInstance(Constructor.java:423)
at java.lang.Class.newInstance(Class.java:442)
at org.openqa.selenium.support.PageFactory.instantiatePage(PageFactory.java:131)
at org.openqa.selenium.support.PageFactory.initElements(PageFactory.java:64)
at com.myStore.pageObjects.Homepage_Objects.<init>(Homepage_Objects.java:12)
at sun.reflect.GeneratedConstructorAccessor15.newInstance(Unknown Source)
at sun.reflect.DelegatingConstructorAccessorImpl.newInstance(DelegatingConstructorAccessorImpl.java:45)
at java.lang.reflect.Constructor.newInstance(Constructor.java:423)
at java.lang.Class.newInstance(Class.java:442)
at org.openqa.selenium.support.PageFactory.instantiatePage(PageFactory.java:131)
at org.openqa.selenium.support.PageFactory.initElements(PageFactory.java:64)
at com.myStore.pageObjects.Homepage_Objects.<init>(Homepage_Objects.java:12)
at sun.reflect.GeneratedConstructorAccessor15.newInstance(Unknown Source)
at sun.reflect.DelegatingConstructorAccessorImpl.newInstance(DelegatingConstructorAccessorImpl.java:45)
at java.lang.reflect.Constructor.newInstance(Constructor.java:423)
at java.lang.Class.newInstance(Class.java:442)
at org.openqa.selenium.support.PageFactory.instantiatePage(PageFactory.java:131)
at org.openqa.selenium.support.PageFactory.initElements(PageFactory.java:64)
at com.myStore.pageObjects.Homepage_Objects.<init>(Homepage_Objects.java:12)
at sun.reflect.GeneratedConstructorAccessor15.newInstance(Unknown Source)
at sun.reflect.DelegatingConstructorAccessorImpl.newInstance(DelegatingConstructorAccessorImpl.java:45)
at java.lang.reflect.Constructor.newInstance(Constructor.java:423)
at java.lang.Class.newInstance(Class.java:442)
at org.openqa.selenium.support.PageFactory.instantiatePage(PageFactory.java:131)
at org.openqa.selenium.support.PageFactory.initElements(PageFactory.java:64)
at com.myStore.pageObjects.Homepage_Objects.<init>(Homepage_Objects.java:12)
at sun.reflect.GeneratedConstructorAccessor15.newInstance(Unknown Source)
at sun.reflect.DelegatingConstructorAccessorImpl.newInstance(DelegatingConstructorAccessorImpl.java:45)
at java.lang.reflect.Constructor.newInstance(Constructor.java:423)
at java.lang.Class.newInstance(Class.java:442)
at org.openqa.selenium.support.PageFactory.instantiatePage(PageFactory.java:131)
at org.openqa.selenium.support.PageFactory.initElements(PageFactory.java:64)
at com.myStore.pageObjects.Homepage_Objects.<init>(Homepage_Objects.java:12)
at sun.reflect.GeneratedConstructorAccessor15.newInstance(Unknown Source)
at sun.reflect.DelegatingConstructorAccessorImpl.newInstance(DelegatingConstructorAccessorImpl.java:45)
at java.lang.reflect.Constructor.newInstance(Constructor.java:423)
at java.lang.Class.newInstance(Class.java:442)
at org.openqa.selenium.support.PageFactory.instantiatePage(PageFactory.java:131)
at org.openqa.selenium.support.PageFactory.initElements(PageFactory.java:64)
at com.myStore.pageObjects.Homepage_Objects.<init>(Homepage_Objects.java:12)
at sun.reflect.GeneratedConstructorAccessor15.newInstance(Unknown Source)
at sun.reflect.DelegatingConstructorAccessorImpl.newInstance(DelegatingConstructorAccessorImpl.java:45)
at java.lang.reflect.Constructor.newInstance(Constructor.java:423)
at java.lang.Class.newInstance(Class.java:442)
at org.openqa.selenium.support.PageFactory.instantiatePage(PageFactory.java:131)
at org.openqa.selenium.support.PageFactory.initElements(PageFactory.java:64)
at com.myStore.pageObjects.Homepage_Objects.<init>(Homepage_Objects.java:12)
at sun.reflect.GeneratedConstructorAccessor15.newInstance(Unknown Source)
at sun.reflect.DelegatingConstructorAccessorImpl.newInstance(DelegatingConstructorAccessorImpl.java:45)
at java.lang.reflect.Constructor.newInstance(Constructor.java:423)
at java.lang.Class.newInstance(Class.java:442)
at org.openqa.selenium.support.PageFactory.instantiatePage(PageFactory.java:131)
at org.openqa.selenium.support.PageFactory.initElements(PageFactory.java:64)
at com.myStore.pageObjects.Homepage_Objects.<init>(Homepage_Objects.java:12)
at sun.reflect.GeneratedConstructorAccessor15.newInstance(Unknown Source)
at sun.reflect.DelegatingConstructorAccessorImpl.newInstance(DelegatingConstructorAccessorImpl.java:45)
at java.lang.reflect.Constructor.newInstance(Constructor.java:423)
at java.lang.Class.newInstance(Class.java:442)
at org.openqa.selenium.support.PageFactory.instantiatePage(PageFactory.java:131)
at org.openqa.selenium.support.PageFactory.initElements(PageFactory.java:64)
at com.myStore.pageObjects.Homepage_Objects.<init>(Homepage_Objects.java:12)
at sun.reflect.GeneratedConstructorAccessor15.newInstance(Unknown Source)
at sun.reflect.DelegatingConstructorAccessorImpl.newInstance(DelegatingConstructorAccessorImpl.java:45)
at java.lang.reflect.Constructor.newInstance(Constructor.java:423)
at java.lang.Class.newInstance(Class.java:442)
at org.openqa.selenium.support.PageFactory.instantiatePage(PageFactory.java:131)
at org.openqa.selenium.support.PageFactory.initElements(PageFactory.java:64)
at com.myStore.pageObjects.Homepage_Objects.<init>(Homepage_Objects.java:12)
at sun.reflect.GeneratedConstructorAccessor15.newInstance(Unknown Source)
at sun.reflect.DelegatingConstructorAccessorImpl.newInstance(DelegatingConstructorAccessorImpl.java:45)
at java.lang.reflect.Constructor.newInstance(Constructor.java:423)
at java.lang.Class.newInstance(Class.java:442)
at org.openqa.selenium.support.PageFactory.instantiatePage(PageFactory.java:131)
at org.openqa.selenium.support.PageFactory.initElements(PageFactory.java:64)
at com.myStore.pageObjects.Homepage_Objects.<init>(Homepage_Objects.java:12)
at sun.reflect.GeneratedConstructorAccessor15.newInstance(Unknown Source)
at sun.reflect.DelegatingConstructorAccessorImpl.newInstance(DelegatingConstructorAccessorImpl.java:45)
at java.lang.reflect.Constructor.newInstance(Constructor.java:423)
at java.lang.Class.newInstance(Class.java:442)
at org.openqa.selenium.support.PageFactory.instantiatePage(PageFactory.java:131)
at org.openqa.selenium.support.PageFactory.initElements(PageFactory.java:64)
at com.myStore.pageObjects.Homepage_Objects.<init>(Homepage_Objects.java:12)
at sun.reflect.GeneratedConstructorAccessor15.newInstance(Unknown Source)
at sun.reflect.DelegatingConstructorAccessorImpl.newInstance(DelegatingConstructorAccessorImpl.java:45)
at java.lang.reflect.Constructor.newInstance(Constructor.java:423)
at java.lang.Class.newInstance(Class.java:442)
at org.openqa.selenium.support.PageFactory.instantiatePage(PageFactory.java:131)
at org.openqa.selenium.support.PageFactory.initElements(PageFactory.java:64)
at com.myStore.pageObjects.Homepage_Objects.<init>(Homepage_Objects.java:12)
at sun.reflect.GeneratedConstructorAccessor15.newInstance(Unknown Source)
at sun.reflect.DelegatingConstructorAccessorImpl.newInstance(DelegatingConstructorAccessorImpl.java:45)
at java.lang.reflect.Constructor.newInstance(Constructor.java:423)
at java.lang.Class.newInstance(Class.java:442)
at org.openqa.selenium.support.PageFactory.instantiatePage(PageFactory.java:131)
at org.openqa.selenium.support.PageFactory.initElements(PageFactory.java:64)
at com.myStore.pageObjects.Homepage_Objects.<init>(Homepage_Objects.java:12)
at sun.reflect.GeneratedConstructorAccessor15.newInstance(Unknown Source)
at sun.reflect.DelegatingConstructorAccessorImpl.newInstance(DelegatingConstructorAccessorImpl.java:45)
at java.lang.reflect.Constructor.newInstance(Constructor.java:423)
at java.lang.Class.newInstance(Class.java:442)
at org.openqa.selenium.support.PageFactory.instantiatePage(PageFactory.java:131)
at org.openqa.selenium.support.PageFactory.initElements(PageFactory.java:64)
at com.myStore.pageObjects.Homepage_Objects.<init>(Homepage_Objects.java:12)
at sun.reflect.GeneratedConstructorAccessor15.newInstance(Unknown Source)
at sun.reflect.DelegatingConstructorAccessorImpl.newInstance(DelegatingConstructorAccessorImpl.java:45)
at java.lang.reflect.Constructor.newInstance(Constructor.java:423)
at java.lang.Class.newInstance(Class.java:442)
at org.openqa.selenium.support.PageFactory.instantiatePage(PageFactory.java:131)
at org.openqa.selenium.support.PageFactory.initElements(PageFactory.java:64)
at com.myStore.pageObjects.Homepage_Objects.<init>(Homepage_Objects.java:12)
at sun.reflect.GeneratedConstructorAccessor15.newInstance(Unknown Source)
at sun.reflect.DelegatingConstructorAccessorImpl.newInstance(DelegatingConstructorAccessorImpl.java:45)
at java.lang.reflect.Constructor.newInstance(Constructor.java:423)
at java.lang.Class.newInstance(Class.java:442)
at org.openqa.selenium.support.PageFactory.instantiatePage(PageFactory.java:131)
at org.openqa.selenium.support.PageFactory.initElements(PageFactory.java:64)
at com.myStore.pageObjects.Homepage_Objects.<init>(Homepage_Objects.java:12)
at sun.reflect.GeneratedConstructorAccessor15.newInstance(Unknown Source)
at sun.reflect.DelegatingConstructorAccessorImpl.newInstance(DelegatingConstructorAccessorImpl.java:45)
at java.lang.reflect.Constructor.newInstance(Constructor.java:423)
at java.lang.Class.newInstance(Class.java:442)
at org.openqa.selenium.support.PageFactory.instantiatePage(PageFactory.java:131)
at org.openqa.selenium.support.PageFactory.initElements(PageFactory.java:64)
at com.myStore.pageObjects.Homepage_Objects.<init>(Homepage_Objects.java:12)
at sun.reflect.GeneratedConstructorAccessor15.newInstance(Unknown Source)
at sun.reflect.DelegatingConstructorAccessorImpl.newInstance(DelegatingConstructorAccessorImpl.java:45)
at java.lang.reflect.Constructor.newInstance(Constructor.java:423)
at java.lang.Class.newInstance(Class.java:442)
at org.openqa.selenium.support.PageFactory.instantiatePage(PageFactory.java:131)
at org.openqa.selenium.support.PageFactory.initElements(PageFactory.java:64)
at com.myStore.pageObjects.Homepage_Objects.<init>(Homepage_Objects.java:12)
at sun.reflect.GeneratedConstructorAccessor15.newInstance(Unknown Source)
at sun.reflect.DelegatingConstructorAccessorImpl.newInstance(DelegatingConstructorAccessorImpl.java:45)
at java.lang.reflect.Constructor.newInstance(Constructor.java:423)
at java.lang.Class.newInstance(Class.java:442)
at org.openqa.selenium.support.PageFactory.instantiatePage(PageFactory.java:131)
at org.openqa.selenium.support.PageFactory.initElements(PageFactory.java:64)
at com.myStore.pageObjects.Homepage_Objects.<init>(Homepage_Objects.java:12)
at sun.reflect.GeneratedConstructorAccessor15.newInstance(Unknown Source)
at sun.reflect.DelegatingConstructorAccessorImpl.newInstance(DelegatingConstructorAccessorImpl.java:45)
at java.lang.reflect.Constructor.newInstance(Constructor.java:423)
at java.lang.Class.newInstance(Class.java:442)
at org.openqa.selenium.support.PageFactory.instantiatePage(PageFactory.java:131)
at org.openqa.selenium.support.PageFactory.initElements(PageFactory.java:64)
at com.myStore.pageObjects.Homepage_Objects.<init>(Homepage_Objects.java:12)
at sun.reflect.GeneratedConstructorAccessor15.newInstance(Unknown Source)
at sun.reflect.DelegatingConstructorAccessorImpl.newInstance(DelegatingConstructorAccessorImpl.java:45)
at java.lang.reflect.Constructor.newInstance(Constructor.java:423)
at java.lang.Class.newInstance(Class.java:442)
at org.openqa.selenium.support.PageFactory.instantiatePage(PageFactory.java:131)
at org.openqa.selenium.support.PageFactory.initElements(PageFactory.java:64)
at com.myStore.pageObjects.Homepage_Objects.<init>(Homepage_Objects.java:12)
at sun.reflect.GeneratedConstructorAccessor15.newInstance(Unknown Source)
at sun.reflect.DelegatingConstructorAccessorImpl.newInstance(DelegatingConstructorAccessorImpl.java:45)
at java.lang.reflect.Constructor.newInstance(Constructor.java:423)
at java.lang.Class.newInstance(Class.java:442)
at org.openqa.selenium.support.PageFactory.instantiatePage(PageFactory.java:131)
at org.openqa.selenium.support.PageFactory.initElements(PageFactory.java:64)
at com.myStore.pageObjects.Homepage_Objects.<init>(Homepage_Objects.java:12)
at sun.reflect.GeneratedConstructorAccessor15.newInstance(Unknown Source)
at sun.reflect.DelegatingConstructorAccessorImpl.newInstance(DelegatingConstructorAccessorImpl.java:45)
at java.lang.reflect.Constructor.newInstance(Constructor.java:423)
at java.lang.Class.newInstance(Class.java:442)
at org.openqa.selenium.support.PageFactory.instantiatePage(PageFactory.java:131)
at org.openqa.selenium.support.PageFactory.initElements(PageFactory.java:64)
at com.myStore.pageObjects.Homepage_Objects.<init>(Homepage_Objects.java:12)
at sun.reflect.GeneratedConstructorAccessor15.newInstance(Unknown Source)
at sun.reflect.DelegatingConstructorAccessorImpl.newInstance(DelegatingConstructorAccessorImpl.java:45)
at java.lang.reflect.Constructor.newInstance(Constructor.java:423)
at java.lang.Class.newInstance(Class.java:442)
at org.openqa.selenium.support.PageFactory.instantiatePage(PageFactory.java:131)
at org.openqa.selenium.support.PageFactory.initElements(PageFactory.java:64)
at com.myStore.pageObjects.Homepage_Objects.<init>(Homepage_Objects.java:12)
at sun.reflect.GeneratedConstructorAccessor15.newInstance(Unknown Source)
at sun.reflect.DelegatingConstructorAccessorImpl.newInstance(DelegatingConstructorAccessorImpl.java:45)
at java.lang.reflect.Constructor.newInstance(Constructor.java:423)
at java.lang.Class.newInstance(Class.java:442)
at org.openqa.selenium.support.PageFactory.instantiatePage(PageFactory.java:131)
at org.openqa.selenium.support.PageFactory.initElements(PageFactory.java:64)
at com.myStore.pageObjects.Homepage_Objects.<init>(Homepage_Objects.java:12)
at sun.reflect.GeneratedConstructorAccessor15.newInstance(Unknown Source)
at sun.reflect.DelegatingConstructorAccessorImpl.newInstance(DelegatingConstructorAccessorImpl.java:45)
at java.lang.reflect.Constructor.newInstance(Constructor.java:423)
at java.lang.Class.newInstance(Class.java:442)
at org.openqa.selenium.support.PageFactory.instantiatePage(PageFactory.java:131)
at org.openqa.selenium.support.PageFactory.initElements(PageFactory.java:64)
at com.myStore.pageObjects.Homepage_Objects.<init>(Homepage_Objects.java:12)
at sun.reflect.GeneratedConstructorAccessor15.newInstance(Unknown Source)
at sun.reflect.DelegatingConstructorAccessorImpl.newInstance(DelegatingConstructorAccessorImpl.java:45)
at java.lang.reflect.Constructor.newInstance(Constructor.java:423)
at java.lang.Class.newInstance(Class.java:442)
at org.openqa.selenium.support.PageFactory.instantiatePage(PageFactory.java:131)
at org.openqa.selenium.support.PageFactory.initElements(PageFactory.java:64)
at com.myStore.pageObjects.Homepage_Objects.<init>(Homepage_Objects.java:12)
at sun.reflect.GeneratedConstructorAccessor15.newInstance(Unknown Source)
at sun.reflect.DelegatingConstructorAccessorImpl.newInstance(DelegatingConstructorAccessorImpl.java:45)
at java.lang.reflect.Constructor.newInstance(Constructor.java:423)
at java.lang.Class.newInstance(Class.java:442)
at org.openqa.selenium.support.PageFactory.instantiatePage(PageFactory.java:131)
at org.openqa.selenium.support.PageFactory.initElements(PageFactory.java:64)
at com.myStore.pageObjects.Homepage_Objects.<init>(Homepage_Objects.java:12)
at sun.reflect.GeneratedConstructorAccessor15.newInstance(Unknown Source)
at sun.reflect.DelegatingConstructorAccessorImpl.newInstance(DelegatingConstructorAccessorImpl.java:45)
at java.lang.reflect.Constructor.newInstance(Constructor.java:423)
at java.lang.Class.newInstance(Class.java:442)
at org.openqa.selenium.support.PageFactory.instantiatePage(PageFactory.java:131)
at org.openqa.selenium.support.PageFactory.initElements(PageFactory.java:64)
at com.myStore.pageObjects.Homepage_Objects.<init>(Homepage_Objects.java:12)
at sun.reflect.GeneratedConstructorAccessor15.newInstance(Unknown Source)
at sun.reflect.DelegatingConstructorAccessorImpl.newInstance(DelegatingConstructorAccessorImpl.java:45)
at java.lang.reflect.Constructor.newInstance(Constructor.java:423)
at java.lang.Class.newInstance(Class.java:442)
at org.openqa.selenium.support.PageFactory.instantiatePage(PageFactory.java:131)
at org.openqa.selenium.support.PageFactory.initElements(PageFactory.java:64)
at com.myStore.pageObjects.Homepage_Objects.<init>(Homepage_Objects.java:12)
at sun.reflect.GeneratedConstructorAccessor15.newInstance(Unknown Source)
at sun.reflect.DelegatingConstructorAccessorImpl.newInstance(DelegatingConstructorAccessorImpl.java:45)
at java.lang.reflect.Constructor.newInstance(Constructor.java:423)
at java.lang.Class.newInstance(Class.java:442)
at org.openqa.selenium.support.PageFactory.instantiatePage(PageFactory.java:131)
at org.openqa.selenium.support.PageFactory.initElements(PageFactory.java:64)
at com.myStore.pageObjects.Homepage_Objects.<init>(Homepage_Objects.java:12)
at sun.reflect.GeneratedConstructorAccessor15.newInstance(Unknown Source)
at sun.reflect.DelegatingConstructorAccessorImpl.newInstance(DelegatingConstructorAccessorImpl.java:45)
at java.lang.reflect.Constructor.newInstance(Constructor.java:423)
at java.lang.Class.newInstance(Class.java:442)
at org.openqa.selenium.support.PageFactory.instantiatePage(PageFactory.java:131)
at org.openqa.selenium.support.PageFactory.initElements(PageFactory.java:64)
at com.myStore.pageObjects.Homepage_Objects.<init>(Homepage_Objects.java:12)
at sun.reflect.GeneratedConstructorAccessor15.newInstance(Unknown Source)
at sun.reflect.DelegatingConstructorAccessorImpl.newInstance(DelegatingConstructorAccessorImpl.java:45)
at java.lang.reflect.Constructor.newInstance(Constructor.java:423)
at java.lang.Class.newInstance(Class.java:442)
at org.openqa.selenium.support.PageFactory.instantiatePage(PageFactory.java:131)
at org.openqa.selenium.support.PageFactory.initElements(PageFactory.java:64)
at com.myStore.pageObjects.Homepage_Objects.<init>(Homepage_Objects.java:12)
at sun.reflect.GeneratedConstructorAccessor15.newInstance(Unknown Source)
at sun.reflect.DelegatingConstructorAccessorImpl.newInstance(DelegatingConstructorAccessorImpl.java:45)
at java.lang.reflect.Constructor.newInstance(Constructor.java:423)
at java.lang.Class.newInstance(Class.java:442)
at org.openqa.selenium.support.PageFactory.instantiatePage(PageFactory.java:131)
at org.openqa.selenium.support.PageFactory.initElements(PageFactory.java:64)
at com.myStore.pageObjects.Homepage_Objects.<init>(Homepage_Objects.java:12)
at sun.reflect.GeneratedConstructorAccessor15.newInstance(Unknown Source)
at sun.reflect.DelegatingConstructorAccessorImpl.newInstance(DelegatingConstructorAccessorImpl.java:45)
at java.lang.reflect.Constructor.newInstance(Constructor.java:423)
at java.lang.Class.newInstance(Class.java:442)
at org.openqa.selenium.support.PageFactory.instantiatePage(PageFactory.java:131)
at org.openqa.selenium.support.PageFactory.initElements(PageFactory.java:64)
at com.myStore.pageObjects.Homepage_Objects.<init>(Homepage_Objects.java:12)
at sun.reflect.GeneratedConstructorAccessor15.newInstance(Unknown Source)
at sun.reflect.DelegatingConstructorAccessorImpl.newInstance(DelegatingConstructorAccessorImpl.java:45)
at java.lang.reflect.Constructor.newInstance(Constructor.java:423)
at java.lang.Class.newInstance(Class.java:442)
at org.openqa.selenium.support.PageFactory.instantiatePage(PageFactory.java:131)
at org.openqa.selenium.support.PageFactory.initElements(PageFactory.java:64)
at com.myStore.pageObjects.Homepage_Objects.<init>(Homepage_Objects.java:12)
at sun.reflect.GeneratedConstructorAccessor15.newInstance(Unknown Source)
at sun.reflect.DelegatingConstructorAccessorImpl.newInstance(DelegatingConstructorAccessorImpl.java:45)
at java.lang.reflect.Constructor.newInstance(Constructor.java:423)
at java.lang.Class.newInstance(Class.java:442)
at org.openqa.selenium.support.PageFactory.instantiatePage(PageFactory.java:131)
at org.openqa.selenium.support.PageFactory.initElements(PageFactory.java:64)
at com.myStore.pageObjects.Homepage_Objects.<init>(Homepage_Objects.java:12)
at sun.reflect.GeneratedConstructorAccessor15.newInstance(Unknown Source)
at sun.reflect.DelegatingConstructorAccessorImpl.newInstance(DelegatingConstructorAccessorImpl.java:45)
at java.lang.reflect.Constructor.newInstance(Constructor.java:423)
at java.lang.Class.newInstance(Class.java:442)
at org.openqa.selenium.support.PageFactory.instantiatePage(PageFactory.java:131)
at org.openqa.selenium.support.PageFactory.initElements(PageFactory.java:64)
at com.myStore.pageObjects.Homepage_Objects.<init>(Homepage_Objects.java:12)
at sun.reflect.GeneratedConstructorAccessor15.newInstance(Unknown Source)
at sun.reflect.DelegatingConstructorAccessorImpl.newInstance(DelegatingConstructorAccessorImpl.java:45)
at java.lang.reflect.Constructor.newInstance(Constructor.java:423)
at java.lang.Class.newInstance(Class.java:442)
at org.openqa.selenium.support.PageFactory.instantiatePage(PageFactory.java:131)
at org.openqa.selenium.support.PageFactory.initElements(PageFactory.java:64)
at com.myStore.pageObjects.Homepage_Objects.<init>(Homepage_Objects.java:12)
at sun.reflect.GeneratedConstructorAccessor15.newInstance(Unknown Source)
at sun.reflect.DelegatingConstructorAccessorImpl.newInstance(DelegatingConstructorAccessorImpl.java:45)
at java.lang.reflect.Constructor.newInstance(Constructor.java:423)
at java.lang.Class.newInstance(Class.java:442)
at org.openqa.selenium.support.PageFactory.instantiatePage(PageFactory.java:131)
at org.openqa.selenium.support.PageFactory.initElements(PageFactory.java:64)
at com.myStore.pageObjects.Homepage_Objects.<init>(Homepage_Objects.java:12)
at sun.reflect.GeneratedConstructorAccessor15.newInstance(Unknown Source)
at sun.reflect.DelegatingConstructorAccessorImpl.newInstance(DelegatingConstructorAccessorImpl.java:45)
at java.lang.reflect.Constructor.newInstance(Constructor.java:423)
at java.lang.Class.newInstance(Class.java:442)
at org.openqa.selenium.support.PageFactory.instantiatePage(PageFactory.java:131)
at org.openqa.selenium.support.PageFactory.initElements(PageFactory.java:64)
at com.myStore.pageObjects.Homepage_Objects.<init>(Homepage_Objects.java:12)
at sun.reflect.GeneratedConstructorAccessor15.newInstance(Unknown Source)
at sun.reflect.DelegatingConstructorAccessorImpl.newInstance(DelegatingConstructorAccessorImpl.java:45)
at java.lang.reflect.Constructor.newInstance(Constructor.java:423)
at java.lang.Class.newInstance(Class.java:442)
at org.openqa.selenium.support.PageFactory.instantiatePage(PageFactory.java:131)
at org.openqa.selenium.support.PageFactory.initElements(PageFactory.java:64)
at com.myStore.pageObjects.Homepage_Objects.<init>(Homepage_Objects.java:12)
at sun.reflect.GeneratedConstructorAccessor15.newInstance(Unknown Source)
at sun.reflect.DelegatingConstructorAccessorImpl.newInstance(DelegatingConstructorAccessorImpl.java:45)
at java.lang.reflect.Constructor.newInstance(Constructor.java:423)
at java.lang.Class.newInstance(Class.java:442)
at org.openqa.selenium.support.PageFactory.instantiatePage(PageFactory.java:131)
at org.openqa.selenium.support.PageFactory.initElements(PageFactory.java:64)
at com.myStore.pageObjects.Homepage_Objects.<init>(Homepage_Objects.java:12)
at sun.reflect.GeneratedConstructorAccessor15.newInstance(Unknown Source)
at sun.reflect.DelegatingConstructorAccessorImpl.newInstance(DelegatingConstructorAccessorImpl.java:45)
at java.lang.reflect.Constructor.newInstance(Constructor.java:423)
at java.lang.Class.newInstance(Class.java:442)
at org.openqa.selenium.support.PageFactory.instantiatePage(PageFactory.java:131)
at org.openqa.selenium.support.PageFactory.initElements(PageFactory.java:64)
at com.myStore.pageObjects.Homepage_Objects.<init>(Homepage_Objects.java:12)
at sun.reflect.GeneratedConstructorAccessor15.newInstance(Unknown Source)
at sun.reflect.DelegatingConstructorAccessorImpl.newInstance(DelegatingConstructorAccessorImpl.java:45)
at java.lang.reflect.Constructor.newInstance(Constructor.java:423)
at java.lang.Class.newInstance(Class.java:442)
at org.openqa.selenium.support.PageFactory.instantiatePage(PageFactory.java:131)
at org.openqa.selenium.support.PageFactory.initElements(PageFactory.java:64)
at com.myStore.pageObjects.Homepage_Objects.<init>(Homepage_Objects.java:12)
at sun.reflect.GeneratedConstructorAccessor15.newInstance(Unknown Source)
at sun.reflect.DelegatingConstructorAccessorImpl.newInstance(DelegatingConstructorAccessorImpl.java:45)
at java.lang.reflect.Constructor.newInstance(Constructor.java:423)
at java.lang.Class.newInstance(Class.java:442)
at org.openqa.selenium.support.PageFactory.instantiatePage(PageFactory.java:131)
at org.openqa.selenium.support.PageFactory.initElements(PageFactory.java:64)
at com.myStore.pageObjects.Homepage_Objects.<init>(Homepage_Objects.java:12)
at sun.reflect.GeneratedConstructorAccessor15.newInstance(Unknown Source)
at sun.reflect.DelegatingConstructorAccessorImpl.newInstance(DelegatingConstructorAccessorImpl.java:45)
at java.lang.reflect.Constructor.newInstance(Constructor.java:423)
at java.lang.Class.newInstance(Class.java:442)
at org.openqa.selenium.support.PageFactory.instantiatePage(PageFactory.java:131)
at org.openqa.selenium.support.PageFactory.initElements(PageFactory.java:64)
at com.myStore.pageObjects.Homepage_Objects.<init>(Homepage_Objects.java:12)
at sun.reflect.GeneratedConstructorAccessor15.newInstance(Unknown Source)
at sun.reflect.DelegatingConstructorAccessorImpl.newInstance(DelegatingConstructorAccessorImpl.java:45)
at java.lang.reflect.Constructor.newInstance(Constructor.java:423)
at java.lang.Class.newInstance(Class.java:442)
at org.openqa.selenium.support.PageFactory.instantiatePage(PageFactory.java:131)
at org.openqa.selenium.support.PageFactory.initElements(PageFactory.java:64)
at com.myStore.pageObjects.Homepage_Objects.<init>(Homepage_Objects.java:12)
at sun.reflect.GeneratedConstructorAccessor15.newInstance(Unknown Source)
at sun.reflect.DelegatingConstructorAccessorImpl.newInstance(DelegatingConstructorAccessorImpl.java:45)
at java.lang.reflect.Constructor.newInstance(Constructor.java:423)
at java.lang.Class.newInstance(Class.java:442)
at org.openqa.selenium.support.PageFactory.instantiatePage(PageFactory.java:131)
at org.openqa.selenium.support.PageFactory.initElements(PageFactory.java:64)
at com.myStore.pageObjects.Homepage_Objects.<init>(Homepage_Objects.java:12)
at sun.reflect.GeneratedConstructorAccessor15.newInstance(Unknown Source)
at sun.reflect.DelegatingConstructorAccessorImpl.newInstance(DelegatingConstructorAccessorImpl.java:45)
at java.lang.reflect.Constructor.newInstance(Constructor.java:423)
at java.lang.Class.newInstance(Class.java:442)
at org.openqa.selenium.support.PageFactory.instantiatePage(PageFactory.java:131)
at org.openqa.selenium.support.PageFactory.initElements(PageFactory.java:64)
at com.myStore.pageObjects.Homepage_Objects.<init>(Homepage_Objects.java:12)
at sun.reflect.GeneratedConstructorAccessor15.newInstance(Unknown Source)
at sun.reflect.DelegatingConstructorAccessorImpl.newInstance(DelegatingConstructorAccessorImpl.java:45)
at java.lang.reflect.Constructor.newInstance(Constructor.java:423)
at java.lang.Class.newInstance(Class.java:442)
at org.openqa.selenium.support.PageFactory.instantiatePage(PageFactory.java:131)
at org.openqa.selenium.support.PageFactory.initElements(PageFactory.java:64)
at com.myStore.pageObjects.Homepage_Objects.<init>(Homepage_Objects.java:12)
at sun.reflect.GeneratedConstructorAccessor15.newInstance(Unknown Source)
at sun.reflect.DelegatingConstructorAccessorImpl.newInstance(DelegatingConstructorAccessorImpl.java:45)
at java.lang.reflect.Constructor.newInstance(Constructor.java:423)
at java.lang.Class.newInstance(Class.java:442)
at org.openqa.selenium.support.PageFactory.instantiatePage(PageFactory.java:131)
at org.openqa.selenium.support.PageFactory.initElements(PageFactory.java:64)
at com.myStore.pageObjects.Homepage_Objects.<init>(Homepage_Objects.java:12)
at sun.reflect.GeneratedConstructorAccessor15.newInstance(Unknown Source)
at sun.reflect.DelegatingConstructorAccessorImpl.newInstance(DelegatingConstructorAccessorImpl.java:45)
at java.lang.reflect.Constructor.newInstance(Constructor.java:423)
at java.lang.Class.newInstance(Class.java:442)
at org.openqa.selenium.support.PageFactory.instantiatePage(PageFactory.java:131)
at org.openqa.selenium.support.PageFactory.initElements(PageFactory.java:64)
at com.myStore.pageObjects.Homepage_Objects.<init>(Homepage_Objects.java:12)
at sun.reflect.GeneratedConstructorAccessor15.newInstance(Unknown Source)
at sun.reflect.DelegatingConstructorAccessorImpl.newInstance(DelegatingConstructorAccessorImpl.java:45)
at java.lang.reflect.Constructor.newInstance(Constructor.java:423)
at java.lang.Class.newInstance(Class.java:442)
at org.openqa.selenium.support.PageFactory.instantiatePage(PageFactory.java:131)
at org.openqa.selenium.support.PageFactory.initElements(PageFactory.java:64)
at com.myStore.pageObjects.Homepage_Objects.<init>(Homepage_Objects.java:12)
at sun.reflect.GeneratedConstructorAccessor15.newInstance(Unknown Source)
at sun.reflect.DelegatingConstructorAccessorImpl.newInstance(DelegatingConstructorAccessorImpl.java:45)
at java.lang.reflect.Constructor.newInstance(Constructor.java:423)
at java.lang.Class.newInstance(Class.java:442)
at org.openqa.selenium.support.PageFactory.instantiatePage(PageFactory.java:131)
at org.openqa.selenium.support.PageFactory.initElements(PageFactory.java:64)
at com.myStore.pageObjects.Homepage_Objects.<init>(Homepage_Objects.java:12)
at sun.reflect.GeneratedConstructorAccessor15.newInstance(Unknown Source)
at sun.reflect.DelegatingConstructorAccessorImpl.newInstance(DelegatingConstructorAccessorImpl.java:45)
at java.lang.reflect.Constructor.newInstance(Constructor.java:423)
at java.lang.Class.newInstance(Class.java:442)
at org.openqa.selenium.support.PageFactory.instantiatePage(PageFactory.java:131)
at org.openqa.selenium.support.PageFactory.initElements(PageFactory.java:64)
at com.myStore.pageObjects.Homepage_Objects.<init>(Homepage_Objects.java:12)
at sun.reflect.GeneratedConstructorAccessor15.newInstance(Unknown Source)
at sun.reflect.DelegatingConstructorAccessorImpl.newInstance(DelegatingConstructorAccessorImpl.java:45)
at java.lang.reflect.Constructor.newInstance(Constructor.java:423)
at java.lang.Class.newInstance(Class.java:442)
at org.openqa.selenium.support.PageFactory.instantiatePage(PageFactory.java:131)
at org.openqa.selenium.support.PageFactory.initElements(PageFactory.java:64)
at com.myStore.pageObjects.Homepage_Objects.<init>(Homepage_Objects.java:12)
at sun.reflect.GeneratedConstructorAccessor15.newInstance(Unknown Source)
at sun.reflect.DelegatingConstructorAccessorImpl.newInstance(DelegatingConstructorAccessorImpl.java:45)
at java.lang.reflect.Constructor.newInstance(Constructor.java:423)
at java.lang.Class.newInstance(Class.java:442)
at org.openqa.selenium.support.PageFactory.instantiatePage(PageFactory.java:131)
at org.openqa.selenium.support.PageFactory.initElements(PageFactory.java:64)
at com.myStore.pageObjects.Homepage_Objects.<init>(Homepage_Objects.java:12)
at sun.reflect.GeneratedConstructorAccessor15.newInstance(Unknown Source)
at sun.reflect.DelegatingConstructorAccessorImpl.newInstance(DelegatingConstructorAccessorImpl.java:45)
at java.lang.reflect.Constructor.newInstance(Constructor.java:423)
at java.lang.Class.newInstance(Class.java:442)
at org.openqa.selenium.support.PageFactory.instantiatePage(PageFactory.java:131)
at org.openqa.selenium.support.PageFactory.initElements(PageFactory.java:64)
at com.myStore.pageObjects.Homepage_Objects.<init>(Homepage_Objects.java:12)
at sun.reflect.GeneratedConstructorAccessor15.newInstance(Unknown Source)
at sun.reflect.DelegatingConstructorAccessorImpl.newInstance(DelegatingConstructorAccessorImpl.java:45)
at java.lang.reflect.Constructor.newInstance(Constructor.java:423)
at java.lang.Class.newInstance(Class.java:442)
at org.openqa.selenium.support.PageFactory.instantiatePage(PageFactory.java:131)
at org.openqa.selenium.support.PageFactory.initElements(PageFactory.java:64)
at com.myStore.pageObjects.Homepage_Objects.<init>(Homepage_Objects.java:12)
at sun.reflect.GeneratedConstructorAccessor15.newInstance(Unknown Source)
at sun.reflect.DelegatingConstructorAccessorImpl.newInstance(DelegatingConstructorAccessorImpl.java:45)
at java.lang.reflect.Constructor.newInstance(Constructor.java:423)
at java.lang.Class.newInstance(Class.java:442)
at org.openqa.selenium.support.PageFactory.instantiatePage(PageFactory.java:131)
at org.openqa.selenium.support.PageFactory.initElements(PageFactory.java:64)
at com.myStore.pageObjects.Homepage_Objects.<init>(Homepage_Objects.java:12)
at sun.reflect.GeneratedConstructorAccessor15.newInstance(Unknown Source)
at sun.reflect.DelegatingConstructorAccessorImpl.newInstance(DelegatingConstructorAccessorImpl.java:45)
at java.lang.reflect.Constructor.newInstance(Constructor.java:423)
at java.lang.Class.newInstance(Class.java:442)
at org.openqa.selenium.support.PageFactory.instantiatePage(PageFactory.java:131)
at org.openqa.selenium.support.PageFactory.initElements(PageFactory.java:64)
at com.myStore.pageObjects.Homepage_Objects.<init>(Homepage_Objects.java:12)
at sun.reflect.GeneratedConstructorAccessor15.newInstance(Unknown Source)
at sun.reflect.DelegatingConstructorAccessorImpl.newInstance(DelegatingConstructorAccessorImpl.java:45)
at java.lang.reflect.Constructor.newInstance(Constructor.java:423)
at java.lang.Class.newInstance(Class.java:442)
at org.openqa.selenium.support.PageFactory.instantiatePage(PageFactory.java:131)
at org.openqa.selenium.support.PageFactory.initElements(PageFactory.java:64)
at com.myStore.pageObjects.Homepage_Objects.<init>(Homepage_Objects.java:12)
at sun.reflect.GeneratedConstructorAccessor15.newInstance(Unknown Source)
at sun.reflect.DelegatingConstructorAccessorImpl.newInstance(DelegatingConstructorAccessorImpl.java:45)
at java.lang.reflect.Constructor.newInstance(Constructor.java:423)
at java.lang.Class.newInstance(Class.java:442)
at org.openqa.selenium.support.PageFactory.instantiatePage(PageFactory.java:131)
at org.openqa.selenium.support.PageFactory.initElements(PageFactory.java:64)
at com.myStore.pageObjects.Homepage_Objects.<init>(Homepage_Objects.java:12)
at sun.reflect.GeneratedConstructorAccessor15.newInstance(Unknown Source)
at sun.reflect.DelegatingConstructorAccessorImpl.newInstance(DelegatingConstructorAccessorImpl.java:45)
at java.lang.reflect.Constructor.newInstance(Constructor.java:423)
at java.lang.Class.newInstance(Class.java:442)
at org.openqa.selenium.support.PageFactory.instantiatePage(PageFactory.java:131)
at org.openqa.selenium.support.PageFactory.initElements(PageFactory.java:64)
at com.myStore.pageObjects.Homepage_Objects.<init>(Homepage_Objects.java:12)
at sun.reflect.GeneratedConstructorAccessor15.newInstance(Unknown Source)
at sun.reflect.DelegatingConstructorAccessorImpl.newInstance(DelegatingConstructorAccessorImpl.java:45)
at java.lang.reflect.Constructor.newInstance(Constructor.java:423)
at java.lang.Class.newInstance(Class.java:442)
at org.openqa.selenium.support.PageFactory.instantiatePage(PageFactory.java:131)
at org.openqa.selenium.support.PageFactory.initElements(PageFactory.java:64)
at com.myStore.pageObjects.Homepage_Objects.<init>(Homepage_Objects.java:12)
at sun.reflect.GeneratedConstructorAccessor15.newInstance(Unknown Source)
at sun.reflect.DelegatingConstructorAccessorImpl.newInstance(DelegatingConstructorAccessorImpl.java:45)
at java.lang.reflect.Constructor.newInstance(Constructor.java:423)
at java.lang.Class.newInstance(Class.java:442)
at org.openqa.selenium.support.PageFactory.instantiatePage(PageFactory.java:131)
at org.openqa.selenium.support.PageFactory.initElements(PageFactory.java:64)
at com.myStore.pageObjects.Homepage_Objects.<init>(Homepage_Objects.java:12)
at sun.reflect.GeneratedConstructorAccessor15.newInstance(Unknown Source)
at sun.reflect.DelegatingConstructorAccessorImpl.newInstance(DelegatingConstructorAccessorImpl.java:45)
at java.lang.reflect.Constructor.newInstance(Constructor.java:423)
at java.lang.Class.newInstance(Class.java:442)
at org.openqa.selenium.support.PageFactory.instantiatePage(PageFactory.java:131)
at org.openqa.selenium.support.PageFactory.initElements(PageFactory.java:64)
at com.myStore.pageObjects.Homepage_Objects.<init>(Homepage_Objects.java:12)
at sun.reflect.GeneratedConstructorAccessor15.newInstance(Unknown Source)
at sun.reflect.DelegatingConstructorAccessorImpl.newInstance(DelegatingConstructorAccessorImpl.java:45)
at java.lang.reflect.Constructor.newInstance(Constructor.java:423)
at java.lang.Class.newInstance(Class.java:442)
at org.openqa.selenium.support.PageFactory.instantiatePage(PageFactory.java:131)
at org.openqa.selenium.support.PageFactory.initElements(PageFactory.java:64)
at com.myStore.pageObjects.Homepage_Objects.<init>(Homepage_Objects.java:12)
at sun.reflect.GeneratedConstructorAccessor15.newInstance(Unknown Source)
at sun.reflect.DelegatingConstructorAccessorImpl.newInstance(DelegatingConstructorAccessorImpl.java:45)
at java.lang.reflect.Constructor.newInstance(Constructor.java:423)
at java.lang.Class.newInstance(Class.java:442)
at org.openqa.selenium.support.PageFactory.instantiatePage(PageFactory.java:131)
at org.openqa.selenium.support.PageFactory.initElements(PageFactory.java:64)
at com.myStore.pageObjects.Homepage_Objects.<init>(Homepage_Objects.java:12)
at sun.reflect.GeneratedConstructorAccessor15.newInstance(Unknown Source)
at sun.reflect.DelegatingConstructorAccessorImpl.newInstance(DelegatingConstructorAccessorImpl.java:45)
at java.lang.reflect.Constructor.newInstance(Constructor.java:423)
at java.lang.Class.newInstance(Class.java:442)
at org.openqa.selenium.support.PageFactory.instantiatePage(PageFactory.java:131)
at org.openqa.selenium.support.PageFactory.initElements(PageFactory.java:64)
at com.myStore.pageObjects.Homepage_Objects.<init>(Homepage_Objects.java:12)
at sun.reflect.GeneratedConstructorAccessor15.newInstance(Unknown Source)
at sun.reflect.DelegatingConstructorAccessorImpl.newInstance(DelegatingConstructorAccessorImpl.java:45)
at java.lang.reflect.Constructor.newInstance(Constructor.java:423)
at java.lang.Class.newInstance(Class.java:442)
at org.openqa.selenium.support.PageFactory.instantiatePage(PageFactory.java:131)
at org.openqa.selenium.support.PageFactory.initElements(PageFactory.java:64)
at com.myStore.pageObjects.Homepage_Objects.<init>(Homepage_Objects.java:12)
at sun.reflect.GeneratedConstructorAccessor15.newInstance(Unknown Source)
at sun.reflect.DelegatingConstructorAccessorImpl.newInstance(DelegatingConstructorAccessorImpl.java:45)
at java.lang.reflect.Constructor.newInstance(Constructor.java:423)
at java.lang.Class.newInstance(Class.java:442)
at org.openqa.selenium.support.PageFactory.instantiatePage(PageFactory.java:131)
at org.openqa.selenium.support.PageFactory.initElements(PageFactory.java:64)
at com.myStore.pageObjects.Homepage_Objects.<init>(Homepage_Objects.java:12)
at sun.reflect.GeneratedConstructorAccessor15.newInstance(Unknown Source)
at sun.reflect.DelegatingConstructorAccessorImpl.newInstance(DelegatingConstructorAccessorImpl.java:45)
at java.lang.reflect.Constructor.newInstance(Constructor.java:423)
at java.lang.Class.newInstance(Class.java:442)
at org.openqa.selenium.support.PageFactory.instantiatePage(PageFactory.java:131)
at org.openqa.selenium.support.PageFactory.initElements(PageFactory.java:64)
at com.myStore.pageObjects.Homepage_Objects.<init>(Homepage_Objects.java:12)
at sun.reflect.GeneratedConstructorAccessor15.newInstance(Unknown Source)
at sun.reflect.DelegatingConstructorAccessorImpl.newInstance(DelegatingConstructorAccessorImpl.java:45)
at java.lang.reflect.Constructor.newInstance(Constructor.java:423)
at java.lang.Class.newInstance(Class.java:442)
at org.openqa.selenium.support.PageFactory.instantiatePage(PageFactory.java:131)
at org.openqa.selenium.support.PageFactory.initElements(PageFactory.java:64)
at com.myStore.pageObjects.Homepage_Objects.<init>(Homepage_Objects.java:12)
at sun.reflect.GeneratedConstructorAccessor15.newInstance(Unknown Source)
at sun.reflect.DelegatingConstructorAccessorImpl.newInstance(DelegatingConstructorAccessorImpl.java:45)
at java.lang.reflect.Constructor.newInstance(Constructor.java:423)
at java.lang.Class.newInstance(Class.java:442)
at org.openqa.selenium.support.PageFactory.instantiatePage(PageFactory.java:131)
at org.openqa.selenium.support.PageFactory.initElements(PageFactory.java:64)
at com.myStore.pageObjects.Homepage_Objects.<init>(Homepage_Objects.java:12)
at sun.reflect.GeneratedConstructorAccessor15.newInstance(Unknown Source)
at sun.reflect.DelegatingConstructorAccessorImpl.newInstance(DelegatingConstructorAccessorImpl.java:45)
at java.lang.reflect.Constructor.newInstance(Constructor.java:423)
at java.lang.Class.newInstance(Class.java:442)
at org.openqa.selenium.support.PageFactory.instantiatePage(PageFactory.java:131)
at org.openqa.selenium.support.PageFactory.initElements(PageFactory.java:64)
at com.myStore.pageObjects.Homepage_Objects.<init>(Homepage_Objects.java:12)
at sun.reflect.GeneratedConstructorAccessor15.newInstance(Unknown Source)
at sun.reflect.DelegatingConstructorAccessorImpl.newInstance(DelegatingConstructorAccessorImpl.java:45)
at java.lang.reflect.Constructor.newInstance(Constructor.java:423)
at java.lang.Class.newInstance(Class.java:442)
at org.openqa.selenium.support.PageFactory.instantiatePage(PageFactory.java:131)
at org.openqa.selenium.support.PageFactory.initElements(PageFactory.java:64)
at com.myStore.pageObjects.Homepage_Objects.<init>(Homepage_Objects.java:12)
at sun.reflect.GeneratedConstructorAccessor15.newInstance(Unknown Source)
at sun.reflect.DelegatingConstructorAccessorImpl.newInstance(DelegatingConstructorAccessorImpl.java:45)
at java.lang.reflect.Constructor.newInstance(Constructor.java:423)
at java.lang.Class.newInstance(Class.java:442)
at org.openqa.selenium.support.PageFactory.instantiatePage(PageFactory.java:131)
at org.openqa.selenium.support.PageFactory.initElements(PageFactory.java:64)
at com.myStore.pageObjects.Homepage_Objects.<init>(Homepage_Objects.java:12)
at sun.reflect.GeneratedConstructorAccessor15.newInstance(Unknown Source)
at sun.reflect.DelegatingConstructorAccessorImpl.newInstance(DelegatingConstructorAccessorImpl.java:45)
at java.lang.reflect.Constructor.newInstance(Constructor.java:423)
at java.lang.Class.newInstance(Class.java:442)
at org.openqa.selenium.support.PageFactory.instantiatePage(PageFactory.java:131)
at org.openqa.selenium.support.PageFactory.initElements(PageFactory.java:64)
at com.myStore.pageObjects.Homepage_Objects.<init>(Homepage_Objects.java:12)
at sun.reflect.GeneratedConstructorAccessor15.newInstance(Unknown Source)
at sun.reflect.DelegatingConstructorAccessorImpl.newInstance(DelegatingConstructorAccessorImpl.java:45)
at java.lang.reflect.Constructor.newInstance(Constructor.java:423)
at java.lang.Class.newInstance(Class.java:442)
at org.openqa.selenium.support.PageFactory.instantiatePage(PageFactory.java:131)
at org.openqa.selenium.support.PageFactory.initElements(PageFactory.java:64)
at com.myStore.pageObjects.Homepage_Objects.<init>(Homepage_Objects.java:12)
at sun.reflect.GeneratedConstructorAccessor15.newInstance(Unknown Source)
at sun.reflect.DelegatingConstructorAccessorImpl.newInstance(DelegatingConstructorAccessorImpl.java:45)
at java.lang.reflect.Constructor.newInstance(Constructor.java:423)
at java.lang.Class.newInstance(Class.java:442)
at org.openqa.selenium.support.PageFactory.instantiatePage(PageFactory.java:131)
at org.openqa.selenium.support.PageFactory.initElements(PageFactory.java:64)
at com.myStore.pageObjects.Homepage_Objects.<init>(Homepage_Objects.java:12)
at sun.reflect.GeneratedConstructorAccessor15.newInstance(Unknown Source)
at sun.reflect.DelegatingConstructorAccessorImpl.newInstance(DelegatingConstructorAccessorImpl.java:45)
at java.lang.reflect.Constructor.newInstance(Constructor.java:423)
at java.lang.Class.newInstance(Class.java:442)
at org.openqa.selenium.support.PageFactory.instantiatePage(PageFactory.java:131)
at org.openqa.selenium.support.PageFactory.initElements(PageFactory.java:64)
at com.myStore.pageObjects.Homepage_Objects.<init>(Homepage_Objects.java:12)
at sun.reflect.GeneratedConstructorAccessor15.newInstance(Unknown Source)
at sun.reflect.DelegatingConstructorAccessorImpl.newInstance(DelegatingConstructorAccessorImpl.java:45)
at java.lang.reflect.Constructor.newInstance(Constructor.java:423)
at java.lang.Class.newInstance(Class.java:442)
at org.openqa.selenium.support.PageFactory.instantiatePage(PageFactory.java:131)
at org.openqa.selenium.support.PageFactory.initElements(PageFactory.java:64)
at com.myStore.pageObjects.Homepage_Objects.<init>(Homepage_Objects.java:12)
at sun.reflect.GeneratedConstructorAccessor15.newInstance(Unknown Source)
at sun.reflect.DelegatingConstructorAccessorImpl.newInstance(DelegatingConstructorAccessorImpl.java:45)
at java.lang.reflect.Constructor.newInstance(Constructor.java:423)
at java.lang.Class.newInstance(Class.java:442)
at org.openqa.selenium.support.PageFactory.instantiatePage(PageFactory.java:131)
at org.openqa.selenium.support.PageFactory.initElements(PageFactory.java:64)
at com.myStore.pageObjects.Homepage_Objects.<init>(Homepage_Objects.java:12)
at sun.reflect.GeneratedConstructorAccessor15.newInstance(Unknown Source)
at sun.reflect.DelegatingConstructorAccessorImpl.newInstance(DelegatingConstructorAccessorImpl.java:45)
at java.lang.reflect.Constructor.newInstance(Constructor.java:423)
at java.lang.Class.newInstance(Class.java:442)
at org.openqa.selenium.support.PageFactory.instantiatePage(PageFactory.java:131)
at org.openqa.selenium.support.PageFactory.initElements(PageFactory.java:64)
at com.myStore.pageObjects.Homepage_Objects.<init>(Homepage_Objects.java:12)
at sun.reflect.GeneratedConstructorAccessor15.newInstance(Unknown Source)
at sun.reflect.DelegatingConstructorAccessorImpl.newInstance(DelegatingConstructorAccessorImpl.java:45)
at java.lang.reflect.Constructor.newInstance(Constructor.java:423)
at java.lang.Class.newInstance(Class.java:442)
at org.openqa.selenium.support.PageFactory.instantiatePage(PageFactory.java:131)
at org.openqa.selenium.support.PageFactory.initElements(PageFactory.java:64)
at com.myStore.pageObjects.Homepage_Objects.<init>(Homepage_Objects.java:12)
at sun.reflect.GeneratedConstructorAccessor15.newInstance(Unknown Source)
at sun.reflect.DelegatingConstructorAccessorImpl.newInstance(DelegatingConstructorAccessorImpl.java:45)
at java.lang.reflect.Constructor.newInstance(Constructor.java:423)
at java.lang.Class.newInstance(Class.java:442)
at org.openqa.selenium.support.PageFactory.instantiatePage(PageFactory.java:131)
at org.openqa.selenium.support.PageFactory.initElements(PageFactory.java:64)
at com.myStore.pageObjects.Homepage_Objects.<init>(Homepage_Objects.java:12)
at sun.reflect.GeneratedConstructorAccessor15.newInstance(Unknown Source)
at sun.reflect.DelegatingConstructorAccessorImpl.newInstance(DelegatingConstructorAccessorImpl.java:45)
at java.lang.reflect.Constructor.newInstance(Constructor.java:423)
at java.lang.Class.newInstance(Class.java:442)
at org.openqa.selenium.support.PageFactory.instantiatePage(PageFactory.java:131)
at org.openqa.selenium.support.PageFactory.initElements(PageFactory.java:64)
at com.myStore.pageObjects.Homepage_Objects.<init>(Homepage_Objects.java:12)
at sun.reflect.GeneratedConstructorAccessor15.newInstance(Unknown Source)
at sun.reflect.DelegatingConstructorAccessorImpl.newInstance(DelegatingConstructorAccessorImpl.java:45)
at java.lang.reflect.Constructor.newInstance(Constructor.java:423)
at java.lang.Class.newInstance(Class.java:442)
at org.openqa.selenium.support.PageFactory.instantiatePage(PageFactory.java:131)
at org.openqa.selenium.support.PageFactory.initElements(PageFactory.java:64)
at com.myStore.pageObjects.Homepage_Objects.<init>(Homepage_Objects.java:12)
at sun.reflect.GeneratedConstructorAccessor15.newInstance(Unknown Source)
at sun.reflect.DelegatingConstructorAccessorImpl.newInstance(DelegatingConstructorAccessorImpl.java:45)
at java.lang.reflect.Constructor.newInstance(Constructor.java:423)
at java.lang.Class.newInstance(Class.java:442)
at org.openqa.selenium.support.PageFactory.instantiatePage(PageFactory.java:131)
at org.openqa.selenium.support.PageFactory.initElements(PageFactory.java:64)
at com.myStore.pageObjects.Homepage_Objects.<init>(Homepage_Objects.java:12)
at sun.reflect.GeneratedConstructorAccessor15.newInstance(Unknown Source)
at sun.reflect.DelegatingConstructorAccessorImpl.newInstance(DelegatingConstructorAccessorImpl.java:45)
at java.lang.reflect.Constructor.newInstance(Constructor.java:423)
at java.lang.Class.newInstance(Class.java:442)
at org.openqa.selenium.support.PageFactory.instantiatePage(PageFactory.java:131)
at org.openqa.selenium.support.PageFactory.initElements(PageFactory.java:64)
at com.myStore.pageObjects.Homepage_Objects.<init>(Homepage_Objects.java:12)
at sun.reflect.GeneratedConstructorAccessor15.newInstance(Unknown Source)
at sun.reflect.DelegatingConstructorAccessorImpl.newInstance(DelegatingConstructorAccessorImpl.java:45)
at java.lang.reflect.Constructor.newInstance(Constructor.java:423)
at java.lang.Class.newInstance(Class.java:442)
at org.openqa.selenium.support.PageFactory.instantiatePage(PageFactory.java:131)
at org.openqa.selenium.support.PageFactory.initElements(PageFactory.java:64)
at com.myStore.pageObjects.Homepage_Objects.<init>(Homepage_Objects.java:12)
at sun.reflect.GeneratedConstructorAccessor15.newInstance(Unknown Source)
at sun.reflect.DelegatingConstructorAccessorImpl.newInstance(DelegatingConstructorAccessorImpl.java:45)
at java.lang.reflect.Constructor.newInstance(Constructor.java:423)
at java.lang.Class.newInstance(Class.java:442)
at org.openqa.selenium.support.PageFactory.instantiatePage(PageFactory.java:131)
at org.openqa.selenium.support.PageFactory.initElements(PageFactory.java:64)
at com.myStore.pageObjects.Homepage_Objects.<init>(Homepage_Objects.java:12)
at sun.reflect.GeneratedConstructorAccessor15.newInstance(Unknown Source)
at sun.reflect.DelegatingConstructorAccessorImpl.newInstance(DelegatingConstructorAccessorImpl.java:45)
at java.lang.reflect.Constructor.newInstance(Constructor.java:423)
at java.lang.Class.newInstance(Class.java:442)
at org.openqa.selenium.support.PageFactory.instantiatePage(PageFactory.java:131)
at org.openqa.selenium.support.PageFactory.initElements(PageFactory.java:64)
at com.myStore.pageObjects.Homepage_Objects.<init>(Homepage_Objects.java:12)
at sun.reflect.GeneratedConstructorAccessor15.newInstance(Unknown Source)
at sun.reflect.DelegatingConstructorAccessorImpl.newInstance(DelegatingConstructorAccessorImpl.java:45)
at java.lang.reflect.Constructor.newInstance(Constructor.java:423)
at java.lang.Class.newInstance(Class.java:442)
at org.openqa.selenium.support.PageFactory.instantiatePage(PageFactory.java:131)
at org.openqa.selenium.support.PageFactory.initElements(PageFactory.java:64)
at com.myStore.pageObjects.Homepage_Objects.<init>(Homepage_Objects.java:12)
at sun.reflect.GeneratedConstructorAccessor15.newInstance(Unknown Source)
at sun.reflect.DelegatingConstructorAccessorImpl.newInstance(DelegatingConstructorAccessorImpl.java:45)
at java.lang.reflect.Constructor.newInstance(Constructor.java:423)
at java.lang.Class.newInstance(Class.java:442)
at org.openqa.selenium.support.PageFactory.instantiatePage(PageFactory.java:131)
at org.openqa.selenium.support.PageFactory.initElements(PageFactory.java:64)
at com.myStore.pageObjects.Homepage_Objects.<init>(Homepage_Objects.java:12)
at sun.reflect.GeneratedConstructorAccessor15.newInstance(Unknown Source)
at sun.reflect.DelegatingConstructorAccessorImpl.newInstance(DelegatingConstructorAccessorImpl.java:45)
at java.lang.reflect.Constructor.newInstance(Constructor.java:423)
at java.lang.Class.newInstance(Class.java:442)
at org.openqa.selenium.support.PageFactory.instantiatePage(PageFactory.java:131)
at org.openqa.selenium.support.PageFactory.initElements(PageFactory.java:64)
at com.myStore.pageObjects.Homepage_Objects.<init>(Homepage_Objects.java:12)
at sun.reflect.GeneratedConstructorAccessor15.newInstance(Unknown Source)
at sun.reflect.DelegatingConstructorAccessorImpl.newInstance(DelegatingConstructorAccessorImpl.java:45)
at java.lang.reflect.Constructor.newInstance(Constructor.java:423)
at java.lang.Class.newInstance(Class.java:442)
at org.openqa.selenium.support.PageFactory.instantiatePage(PageFactory.java:131)
at org.openqa.selenium.support.PageFactory.initElements(PageFactory.java:64)
at com.myStore.pageObjects.Homepage_Objects.<init>(Homepage_Objects.java:12)
at sun.reflect.GeneratedConstructorAccessor15.newInstance(Unknown Source)
at sun.reflect.DelegatingConstructorAccessorImpl.newInstance(DelegatingConstructorAccessorImpl.java:45)
at java.lang.reflect.Constructor.newInstance(Constructor.java:423)
at java.lang.Class.newInstance(Class.java:442)
at org.openqa.selenium.support.PageFactory.instantiatePage(PageFactory.java:131)
at org.openqa.selenium.support.PageFactory.initElements(PageFactory.java:64)
at com.myStore.pageObjects.Homepage_Objects.<init>(Homepage_Objects.java:12)
at sun.reflect.GeneratedConstructorAccessor15.newInstance(Unknown Source)
at sun.reflect.DelegatingConstructorAccessorImpl.newInstance(DelegatingConstructorAccessorImpl.java:45)
at java.lang.reflect.Constructor.newInstance(Constructor.java:423)
at java.lang.Class.newInstance(Class.java:442)
at org.openqa.selenium.support.PageFactory.instantiatePage(PageFactory.java:131)
at org.openqa.selenium.support.PageFactory.initElements(PageFactory.java:64)
at com.myStore.pageObjects.Homepage_Objects.<init>(Homepage_Objects.java:12)
at sun.reflect.GeneratedConstructorAccessor15.newInstance(Unknown Source)
at sun.reflect.DelegatingConstructorAccessorImpl.newInstance(DelegatingConstructorAccessorImpl.java:45)
at java.lang.reflect.Constructor.newInstance(Constructor.java:423)
at java.lang.Class.newInstance(Class.java:442)
at org.openqa.selenium.support.PageFactory.instantiatePage(PageFactory.java:131)
at org.openqa.selenium.support.PageFactory.initElements(PageFactory.java:64)
at com.myStore.pageObjects.Homepage_Objects.<init>(Homepage_Objects.java:12)
at sun.reflect.GeneratedConstructorAccessor15.newInstance(Unknown Source)
at sun.reflect.DelegatingConstructorAccessorImpl.newInstance(DelegatingConstructorAccessorImpl.java:45)
at java.lang.reflect.Constructor.newInstance(Constructor.java:423)
at java.lang.Class.newInstance(Class.java:442)
at org.openqa.selenium.support.PageFactory.instantiatePage(PageFactory.java:131)
at org.openqa.selenium.support.PageFactory.initElements(PageFactory.java:64)
at com.myStore.pageObjects.Homepage_Objects.<init>(Homepage_Objects.java:12)
at sun.reflect.GeneratedConstructorAccessor15.newInstance(Unknown Source)
at sun.reflect.DelegatingConstructorAccessorImpl.newInstance(DelegatingConstructorAccessorImpl.java:45)
at java.lang.reflect.Constructor.newInstance(Constructor.java:423)
at java.lang.Class.newInstance(Class.java:442)
at org.openqa.selenium.support.PageFactory.instantiatePage(PageFactory.java:131)
at org.openqa.selenium.support.PageFactory.initElements(PageFactory.java:64)
at com.myStore.pageObjects.Homepage_Objects.<init>(Homepage_Objects.java:12)
at sun.reflect.GeneratedConstructorAccessor15.newInstance(Unknown Source)
at sun.reflect.DelegatingConstructorAccessorImpl.newInstance(DelegatingConstructorAccessorImpl.java:45)
at java.lang.reflect.Constructor.newInstance(Constructor.java:423)
at java.lang.Class.newInstance(Class.java:442)
at org.openqa.selenium.support.PageFactory.instantiatePage(PageFactory.java:131)
at org.openqa.selenium.support.PageFactory.initElements(PageFactory.java:64)
at com.myStore.pageObjects.Homepage_Objects.<init>(Homepage_Objects.java:12)
at sun.reflect.GeneratedConstructorAccessor15.newInstance(Unknown Source)
at sun.reflect.DelegatingConstructorAccessorImpl.newInstance(DelegatingConstructorAccessorImpl.java:45)
at java.lang.reflect.Constructor.newInstance(Constructor.java:423)
at java.lang.Class.newInstance(Class.java:442)
at org.openqa.selenium.support.PageFactory.instantiatePage(PageFactory.java:131)
at org.openqa.selenium.support.PageFactory.initElements(PageFactory.java:64)
at com.myStore.pageObjects.Homepage_Objects.<init>(Homepage_Objects.java:12)
at sun.reflect.GeneratedConstructorAccessor15.newInstance(Unknown Source)
at sun.reflect.DelegatingConstructorAccessorImpl.newInstance(DelegatingConstructorAccessorImpl.java:45)
at java.lang.reflect.Constructor.newInstance(Constructor.java:423)
at java.lang.Class.newInstance(Class.java:442)
at org.openqa.selenium.support.PageFactory.instantiatePage(PageFactory.java:131)
at org.openqa.selenium.support.PageFactory.initElements(PageFactory.java:64)
at com.myStore.pageObjects.Homepage_Objects.<init>(Homepage_Objects.java:12)
at sun.reflect.GeneratedConstructorAccessor15.newInstance(Unknown Source)
at sun.reflect.DelegatingConstructorAccessorImpl.newInstance(DelegatingConstructorAccessorImpl.java:45)
at java.lang.reflect.Constructor.newInstance(Constructor.java:423)
at java.lang.Class.newInstance(Class.java:442)
at org.openqa.selenium.support.PageFactory.instantiatePage(PageFactory.java:131)
at org.openqa.selenium.support.PageFactory.initElements(PageFactory.java:64)
at com.myStore.pageObjects.Homepage_Objects.<init>(Homepage_Objects.java:12)
at sun.reflect.GeneratedConstructorAccessor15.newInstance(Unknown Source)
at sun.reflect.DelegatingConstructorAccessorImpl.newInstance(DelegatingConstructorAccessorImpl.java:45)
at java.lang.reflect.Constructor.newInstance(Constructor.java:423)
at java.lang.Class.newInstance(Class.java:442)
at org.openqa.selenium.support.PageFactory.instantiatePage(PageFactory.java:131)
at org.openqa.selenium.support.PageFactory.initElements(PageFactory.java:64)
at com.myStore.pageObjects.Homepage_Objects.<init>(Homepage_Objects.java:12)
at sun.reflect.GeneratedConstructorAccessor15.newInstance(Unknown Source)
at sun.reflect.DelegatingConstructorAccessorImpl.newInstance(DelegatingConstructorAccessorImpl.java:45)
at java.lang.reflect.Constructor.newInstance(Constructor.java:423)
at java.lang.Class.newInstance(Class.java:442)
at org.openqa.selenium.support.PageFactory.instantiatePage(PageFactory.java:131)
at org.openqa.selenium.support.PageFactory.initElements(PageFactory.java:64)
at com.myStore.pageObjects.Homepage_Objects.<init>(Homepage_Objects.java:12)
at sun.reflect.GeneratedConstructorAccessor15.newInstance(Unknown Source)
at sun.reflect.DelegatingConstructorAccessorImpl.newInstance(DelegatingConstructorAccessorImpl.java:45)
at java.lang.reflect.Constructor.newInstance(Constructor.java:423)
at java.lang.Class.newInstance(Class.java:442)
at org.openqa.selenium.support.PageFactory.instantiatePage(PageFactory.java:131)
at org.openqa.selenium.support.PageFactory.initElements(PageFactory.java:64)
at com.myStore.pageObjects.Homepage_Objects.<init>(Homepage_Objects.java:12)
at sun.reflect.GeneratedConstructorAccessor15.newInstance(Unknown Source)
at sun.reflect.DelegatingConstructorAccessorImpl.newInstance(DelegatingConstructorAccessorImpl.java:45)
at java.lang.reflect.Constructor.newInstance(Constructor.java:423)
at java.lang.Class.newInstance(Class.java:442)
at org.openqa.selenium.support.PageFactory.instantiatePage(PageFactory.java:131)
at org.openqa.selenium.support.PageFactory.initElements(PageFactory.java:64)
at com.myStore.pageObjects.Homepage_Objects.<init>(Homepage_Objects.java:12)
at sun.reflect.GeneratedConstructorAccessor15.newInstance(Unknown Source)
at sun.reflect.DelegatingConstructorAccessorImpl.newInstance(DelegatingConstructorAccessorImpl.java:45)
at java.lang.reflect.Constructor.newInstance(Constructor.java:423)
at java.lang.Class.newInstance(Class.java:442)
at org.openqa.selenium.support.PageFactory.instantiatePage(PageFactory.java:131)
at org.openqa.selenium.support.PageFactory.initElements(PageFactory.java:64)
at com.myStore.pageObjects.Homepage_Objects.<init>(Homepage_Objects.java:12)
at sun.reflect.GeneratedConstructorAccessor15.newInstance(Unknown Source)
at sun.reflect.DelegatingConstructorAccessorImpl.newInstance(DelegatingConstructorAccessorImpl.java:45)
at java.lang.reflect.Constructor.newInstance(Constructor.java:423)
at java.lang.Class.newInstance(Class.java:442)
at org.openqa.selenium.support.PageFactory.instantiatePage(PageFactory.java:131)
at org.openqa.selenium.support.PageFactory.initElements(PageFactory.java:64)
at com.myStore.pageObjects.Homepage_Objects.<init>(Homepage_Objects.java:12)
at sun.reflect.GeneratedConstructorAccessor15.newInstance(Unknown Source)
at sun.reflect.DelegatingConstructorAccessorImpl.newInstance(DelegatingConstructorAccessorImpl.java:45)
at java.lang.reflect.Constructor.newInstance(Constructor.java:423)
at java.lang.Class.newInstance(Class.java:442)
at org.openqa.selenium.support.PageFactory.instantiatePage(PageFactory.java:131)
at org.openqa.selenium.support.PageFactory.initElements(PageFactory.java:64)
at com.myStore.pageObjects.Homepage_Objects.<init>(Homepage_Objects.java:12)
at sun.reflect.GeneratedConstructorAccessor15.newInstance(Unknown Source)
at sun.reflect.DelegatingConstructorAccessorImpl.newInstance(DelegatingConstructorAccessorImpl.java:45)
at java.lang.reflect.Constructor.newInstance(Constructor.java:423)
at java.lang.Class.newInstance(Class.java:442)
at org.openqa.selenium.support.PageFactory.instantiatePage(PageFactory.java:131)
at org.openqa.selenium.support.PageFactory.initElements(PageFactory.java:64)
at com.myStore.pageObjects.Homepage_Objects.<init>(Homepage_Objects.java:12)
at sun.reflect.GeneratedConstructorAccessor15.newInstance(Unknown Source)
at sun.reflect.DelegatingConstructorAccessorImpl.newInstance(DelegatingConstructorAccessorImpl.java:45)
at java.lang.reflect.Constructor.newInstance(Constructor.java:423)
at java.lang.Class.newInstance(Class.java:442)
at org.openqa.selenium.support.PageFactory.instantiatePage(PageFactory.java:131)
at org.openqa.selenium.support.PageFactory.initElements(PageFactory.java:64)
at com.myStore.pageObjects.Homepage_Objects.<init>(Homepage_Objects.java:12)
at sun.reflect.GeneratedConstructorAccessor15.newInstance(Unknown Source)
at sun.reflect.DelegatingConstructorAccessorImpl.newInstance(DelegatingConstructorAccessorImpl.java:45)
at java.lang.reflect.Constructor.newInstance(Constructor.java:423)
at java.lang.Class.newInstance(Class.java:442)
at org.openqa.selenium.support.PageFactory.instantiatePage(PageFactory.java:131)
at org.openqa.selenium.support.PageFactory.initElements(PageFactory.java:64)
at com.myStore.pageObjects.Homepage_Objects.<init>(Homepage_Objects.java:12)
at sun.reflect.GeneratedConstructorAccessor15.newInstance(Unknown Source)
at sun.reflect.DelegatingConstructorAccessorImpl.newInstance(DelegatingConstructorAccessorImpl.java:45)
at java.lang.reflect.Constructor.newInstance(Constructor.java:423)
at java.lang.Class.newInstance(Class.java:442)
at org.openqa.selenium.support.PageFactory.instantiatePage(PageFactory.java:131)
at org.openqa.selenium.support.PageFactory.initElements(PageFactory.java:64)
at com.myStore.pageObjects.Homepage_Objects.<init>(Homepage_Objects.java:12)
at sun.reflect.GeneratedConstructorAccessor15.newInstance(Unknown Source)
at sun.reflect.DelegatingConstructorAccessorImpl.newInstance(DelegatingConstructorAccessorImpl.java:45)
at java.lang.reflect.Constructor.newInstance(Constructor.java:423)
at java.lang.Class.newInstance(Class.java:442)
at org.openqa.selenium.support.PageFactory.instantiatePage(PageFactory.java:131)
at org.openqa.selenium.support.PageFactory.initElements(PageFactory.java:64)
at com.myStore.pageObjects.Homepage_Objects.<init>(Homepage_Objects.java:12)
at sun.reflect.GeneratedConstructorAccessor15.newInstance(Unknown Source)
at sun.reflect.DelegatingConstructorAccessorImpl.newInstance(DelegatingConstructorAccessorImpl.java:45)
at java.lang.reflect.Constructor.newInstance(Constructor.java:423)
at java.lang.Class.newInstance(Class.java:442)
at org.openqa.selenium.support.PageFactory.instantiatePage(PageFactory.java:131)
at org.openqa.selenium.support.PageFactory.initElements(PageFactory.java:64)
at com.myStore.pageObjects.Homepage_Objects.<init>(Homepage_Objects.java:12)
at sun.reflect.GeneratedConstructorAccessor15.newInstance(Unknown Source)
at sun.reflect.DelegatingConstructorAccessorImpl.newInstance(DelegatingConstructorAccessorImpl.java:45)
at java.lang.reflect.Constructor.newInstance(Constructor.java:423)
at java.lang.Class.newInstance(Class.java:442)
at org.openqa.selenium.support.PageFactory.instantiatePage(PageFactory.java:131)
at org.openqa.selenium.support.PageFactory.initElements(PageFactory.java:64)
at com.myStore.pageObjects.Homepage_Objects.<init>(Homepage_Objects.java:12)
at sun.reflect.GeneratedConstructorAccessor15.newInstance(Unknown Source)
at sun.reflect.DelegatingConstructorAccessorImpl.newInstance(DelegatingConstructorAccessorImpl.java:45)
at java.lang.reflect.Constructor.newInstance(Constructor.java:423)
at java.lang.Class.newInstance(Class.java:442)
at org.openqa.selenium.support.PageFactory.instantiatePage(PageFactory.java:131)
at org.openqa.selenium.support.PageFactory.initElements(PageFactory.java:64)
at com.myStore.pageObjects.Homepage_Objects.<init>(Homepage_Objects.java:12)
at sun.reflect.GeneratedConstructorAccessor15.newInstance(Unknown Source)
at sun.reflect.DelegatingConstructorAccessorImpl.newInstance(DelegatingConstructorAccessorImpl.java:45)
at java.lang.reflect.Constructor.newInstance(Constructor.java:423)
at java.lang.Class.newInstance(Class.java:442)
at org.openqa.selenium.support.PageFactory.instantiatePage(PageFactory.java:131)
at org.openqa.selenium.support.PageFactory.initElements(PageFactory.java:64)
at com.myStore.pageObjects.Homepage_Objects.<init>(Homepage_Objects.java:12)
at sun.reflect.GeneratedConstructorAccessor15.newInstance(Unknown Source)
at sun.reflect.DelegatingConstructorAccessorImpl.newInstance(DelegatingConstructorAccessorImpl.java:45)
at java.lang.reflect.Constructor.newInstance(Constructor.java:423)
at java.lang.Class.newInstance(Class.java:442)
at org.openqa.selenium.support.PageFactory.instantiatePage(PageFactory.java:131)
at org.openqa.selenium.support.PageFactory.initElements(PageFactory.java:64)
at com.myStore.pageObjects.Homepage_Objects.<init>(Homepage_Objects.java:12)
at sun.reflect.GeneratedConstructorAccessor15.newInstance(Unknown Source)
at sun.reflect.DelegatingConstructorAccessorImpl.newInstance(DelegatingConstructorAccessorImpl.java:45)
at java.lang.reflect.Constructor.newInstance(Constructor.java:423)
at java.lang.Class.newInstance(Class.java:442)
at org.openqa.selenium.support.PageFactory.instantiatePage(PageFactory.java:131)
at org.openqa.selenium.support.PageFactory.initElements(PageFactory.java:64)
at com.myStore.pageObjects.Homepage_Objects.<init>(Homepage_Objects.java:12)
at sun.reflect.GeneratedConstructorAccessor15.newInstance(Unknown Source)
at sun.reflect.DelegatingConstructorAccessorImpl.newInstance(DelegatingConstructorAccessorImpl.java:45)
at java.lang.reflect.Constructor.newInstance(Constructor.java:423)
at java.lang.Class.newInstance(Class.java:442)
at org.openqa.selenium.support.PageFactory.instantiatePage(PageFactory.java:131)
at org.openqa.selenium.support.PageFactory.initElements(PageFactory.java:64)
at com.myStore.pageObjects.Homepage_Objects.<init>(Homepage_Objects.java:12)
at sun.reflect.GeneratedConstructorAccessor15.newInstance(Unknown Source)
at sun.reflect.DelegatingConstructorAccessorImpl.newInstance(DelegatingConstructorAccessorImpl.java:45)
at java.lang.reflect.Constructor.newInstance(Constructor.java:423)
at java.lang.Class.newInstance(Class.java:442)
at org.openqa.selenium.support.PageFactory.instantiatePage(PageFactory.java:131)
at org.openqa.selenium.support.PageFactory.initElements(PageFactory.java:64)
at com.myStore.pageObjects.Homepage_Objects.<init>(Homepage_Objects.java:12)
at sun.reflect.GeneratedConstructorAccessor15.newInstance(Unknown Source)
at sun.reflect.DelegatingConstructorAccessorImpl.newInstance(DelegatingConstructorAccessorImpl.java:45)
at java.lang.reflect.Constructor.newInstance(Constructor.java:423)
at java.lang.Class.newInstance(Class.java:442)
at org.openqa.selenium.support.PageFactory.instantiatePage(PageFactory.java:131)
at org.openqa.selenium.support.PageFactory.initElements(PageFactory.java:64)
at com.myStore.pageObjects.Homepage_Objects.<init>(Homepage_Objects.java:12)
at sun.reflect.GeneratedConstructorAccessor15.newInstance(Unknown Source)
at sun.reflect.DelegatingConstructorAccessorImpl.newInstance(DelegatingConstructorAccessorImpl.java:45)
at java.lang.reflect.Constructor.newInstance(Constructor.java:423)
at java.lang.Class.newInstance(Class.java:442)
at org.openqa.selenium.support.PageFactory.instantiatePage(PageFactory.java:131)
at org.openqa.selenium.support.PageFactory.initElements(PageFactory.java:64)
at com.myStore.pageObjects.Homepage_Objects.<init>(Homepage_Objects.java:12)
at sun.reflect.GeneratedConstructorAccessor15.newInstance(Unknown Source)
at sun.reflect.DelegatingConstructorAccessorImpl.newInstance(DelegatingConstructorAccessorImpl.java:45)
at java.lang.reflect.Constructor.newInstance(Constructor.java:423)
at java.lang.Class.newInstance(Class.java:442)
at org.openqa.selenium.support.PageFactory.instantiatePage(PageFactory.java:131)
at org.openqa.selenium.support.PageFactory.initElements(PageFactory.java:64)
at com.myStore.pageObjects.Homepage_Objects.<init>(Homepage_Objects.java:12)
at sun.reflect.GeneratedConstructorAccessor15.newInstance(Unknown Source)
at sun.reflect.DelegatingConstructorAccessorImpl.newInstance(DelegatingConstructorAccessorImpl.java:45)
at java.lang.reflect.Constructor.newInstance(Constructor.java:423)
at java.lang.Class.newInstance(Class.java:442)
]]>
    </error>
  </testcase> <!-- setUp -->
</testsuite> <!-- com.myStore.TestCases.OrderJourneyTest -->
