<?xml version="1.0" encoding="UTF-8"?>
<!-- Generated by org.testng.reporters.JUnitReportReporter -->
<testsuite skipped="0" hostname="Rohit-PC" name="com.myStore.TestCases.LaunchBrowserTest" tests="1" failures="0" timestamp="22 Feb 2022 19:39:13 GMT" time="26.269" errors="0">
  <testcase name="Validate" time="26.269" classname="com.myStore.TestCases.LaunchBrowserTest"/>
</testsuite> <!-- com.myStore.TestCases.LaunchBrowserTest -->
