<?xml version="1.0" encoding="UTF-8"?>
<!-- Generated by org.testng.reporters.JUnitReportReporter -->
<testsuite skipped="0" hostname="Rohit-PC" name="com.myStore.TestCases.CaseTest2" tests="1" failures="0" timestamp="08 Mar 2022 16:46:13 GMT" time="16.089" errors="0">
  <testcase name="test1" time="16.089" classname="com.myStore.TestCases.CaseTest2"/>
</testsuite> <!-- com.myStore.TestCases.CaseTest2 -->
