<?xml version="1.0" encoding="UTF-8"?>
<!-- Generated by org.testng.reporters.JUnitReportReporter -->
<testsuite skipped="0" hostname="Rohit-PC" name="com.myStore.TestCases.OrderJourneyTest" tests="1" failures="0" timestamp="19 Feb 2022 19:04:32 GMT" time="19.075" errors="0">
  <testcase name="orderJourney" time="19.075" classname="com.myStore.TestCases.OrderJourneyTest"/>
</testsuite> <!-- com.myStore.TestCases.OrderJourneyTest -->
